<?xml version="1.0" encoding="UTF-8"?>
<!-- Generated by org.testng.reporters.JUnitReportReporter -->
<testsuite hostname="LAPTOP-FL6LD70U" failures="0" tests="3" name="tm.qa.testcases.SignInPageTest" time="25.771" errors="0" timestamp="27 Feb. 2020 21:49:43 GMT" skipped="0">
  <testcase classname="tm.qa.testcases.SignInPageTest" name="VarifyUserName" time="8.608"/>
  <testcase classname="tm.qa.testcases.SignInPageTest" name="VarifyPassword" time="7.910"/>
  <testcase classname="tm.qa.testcases.SignInPageTest" name="ValidLoginBtn" time="9.253"/>
</testsuite> <!-- tm.qa.testcases.SignInPageTest -->
