<?xml version="1.0" encoding="UTF-8"?>
<!-- Generated by org.testng.reporters.JUnitReportReporter -->
<testsuite hostname="preeti-laptop" failures="0" tests="2" name="tm.qa.testcases.SignUpPageTest" time="12.712" errors="0" timestamp="03 Apr. 2020 18:08:55 GMT" skipped="1">
  <testcase classname="tm.qa.testcases.SignUpPageTest" name="invalidtestdata" time="11.894">
    <skipped/>
  </testcase> <!-- invalidtestdata -->
  <testcase classname="tm.qa.testcases.SignUpPageTest" name="validtestdata" time="0.818"/>
</testsuite> <!-- tm.qa.testcases.SignUpPageTest -->
