<?xml version="1.0" encoding="UTF-8"?>
<!-- Generated by org.testng.reporters.JUnitReportReporter -->
<testsuite hostname="preeti-laptop" failures="0" tests="1" name="tm.qa.testcases.HomePageTestCase" time="11.346" errors="0" timestamp="03 Apr. 2020 01:09:31 GMT" skipped="0">
  <testcase classname="tm.qa.testcases.HomePageTestCase" name="HomeLink" time="11.346"/>
</testsuite> <!-- tm.qa.testcases.HomePageTestCase -->
