<?xml version="1.0" encoding="UTF-8"?>
<!-- Generated by org.testng.reporters.JUnitReportReporter -->
<testsuite hostname="preeti-laptop" failures="0" tests="3" name="tm.qa.testcases.SignInPageTest" time="34.498" errors="0" timestamp="03 Apr. 2020 19:32:09 GMT" skipped="0">
  <testcase classname="tm.qa.testcases.SignInPageTest" name="VarifyUserName" time="11.547"/>
  <testcase classname="tm.qa.testcases.SignInPageTest" name="VarifyPassword" time="10.873"/>
  <testcase classname="tm.qa.testcases.SignInPageTest" name="ValidLoginBtn" time="12.078"/>
</testsuite> <!-- tm.qa.testcases.SignInPageTest -->
