<?xml version="1.0" encoding="UTF-8"?>
<!-- Generated by org.testng.reporters.JUnitReportReporter -->
<testsuite hostname="LAPTOP-FL6LD70U" failures="0" tests="1" name="tm.qa.testcases.SignUpPageTest" time="13.736" errors="0" timestamp="27 Feb. 2020 21:40:56 GMT" skipped="0">
  <testcase classname="tm.qa.testcases.SignUpPageTest" name="validateData" time="13.736"/>
</testsuite> <!-- tm.qa.testcases.SignUpPageTest -->
