<?xml version="1.0" encoding="UTF-8"?>
<!-- Generated by org.testng.reporters.JUnitReportReporter -->
<testsuite hostname="preeti-laptop" failures="0" tests="1" name="tm.qa.testcases.UserProfileTest" time="0.878" errors="0" timestamp="2020-05-21T14:51:38 EDT" skipped="0">
  <testcase classname="tm.qa.testcases.UserProfileTest" name="userprofiledata" time="0.878"/>
  <system-out/>
</testsuite> <!-- tm.qa.testcases.UserProfileTest -->
