<?xml version="1.0" encoding="UTF-8"?>
<!-- Generated by org.testng.reporters.JUnitReportReporter -->
<testsuite hostname="preeti-laptop" failures="0" tests="1" name="tm.qa.testcases.GenreateQuoteTest" time="9.258" errors="0" timestamp="04 Apr. 2020 01:06:40 GMT" skipped="0">
  <testcase classname="tm.qa.testcases.GenreateQuoteTest" name="validateFDOC" time="9.258"/>
</testsuite> <!-- tm.qa.testcases.GenreateQuoteTest -->
